<?xml version="1.0" encoding="UTF-8"?>
<!-- Generated by org.testng.reporters.JUnitXMLReporter -->
<testsuite ignored="0" hostname="ENCDAPPUNLT0737" failures="0" tests="3" name="Submit Order Test" time="100.344" errors="0" timestamp="2025-03-17T00:27:23 IST">
  <testcase classname="charushilaprojects.tests.SubmitOrderTest" name="submitOrder" time="40.701"/>
  <testcase classname="charushilaprojects.tests.SubmitOrderTest" name="submitOrder" time="39.573"/>
  <testcase classname="charushilaprojects.tests.SubmitOrderTest" name="OrderHistoryTest" time="1.811"/>
</testsuite> <!-- Submit Order Test -->
