<?xml version="1.0" encoding="UTF-8"?>
<!-- Generated by org.testng.reporters.JUnitXMLReporter -->
<testsuite ignored="0" hostname="ENCDAPPUNLT0737" failures="0" tests="3" name="Submit Order Test" time="74.557" errors="0" timestamp="2025-03-23T10:50:08 IST">
  <testcase classname="charushilaprojects.tests.SubmitOrderTest" name="submitOrder" time="25.336"/>
  <testcase classname="charushilaprojects.tests.SubmitOrderTest" name="submitOrder" time="35.436"/>
  <testcase classname="charushilaprojects.tests.SubmitOrderTest" name="OrderHistoryTest" time="0.587"/>
</testsuite> <!-- Submit Order Test -->
